#! /d/a/fpga-toolchain-build/fpga-toolchain-build/iverilog/_install/bin/vvp
:ivl_version "11.0 (stable)" "(d3b0992)";
:ivl_delay_selection "TYPICAL";
:vpi_time_precision + 0;
:vpi_module "C:\PROGRA~3\CHOCOL~1\lib\iverilog\tools\lib\ivl\system.vpi";
:vpi_module "C:\PROGRA~3\CHOCOL~1\lib\iverilog\tools\lib\ivl\vhdl_sys.vpi";
:vpi_module "C:\PROGRA~3\CHOCOL~1\lib\iverilog\tools\lib\ivl\vhdl_textio.vpi";
:vpi_module "C:\PROGRA~3\CHOCOL~1\lib\iverilog\tools\lib\ivl\v2005_math.vpi";
:vpi_module "C:\PROGRA~3\CHOCOL~1\lib\iverilog\tools\lib\ivl\va_math.vpi";
S_00000166f56b6910 .scope module, "full_adder" "full_adder" 2 1;
 .timescale 0 0;
    .port_info 0 /INPUT 1 "A";
    .port_info 1 /INPUT 1 "B";
    .port_info 2 /INPUT 1 "Cin";
    .port_info 3 /OUTPUT 1 "S";
    .port_info 4 /OUTPUT 1 "Cout";
o00000166f5576fd8 .functor BUFZ 1, C4<z>; HiZ drive
o00000166f5577008 .functor BUFZ 1, C4<z>; HiZ drive
L_00000166f56bb130 .functor XOR 1, o00000166f5576fd8, o00000166f5577008, C4<0>, C4<0>;
o00000166f5577038 .functor BUFZ 1, C4<z>; HiZ drive
L_00000166f56b6fd0 .functor XOR 1, L_00000166f56bb130, o00000166f5577038, C4<0>, C4<0>;
L_00000166f56bec60 .functor AND 1, o00000166f5576fd8, o00000166f5577008, C4<1>, C4<1>;
L_00000166f56becd0 .functor AND 1, o00000166f5577008, o00000166f5577038, C4<1>, C4<1>;
L_00000166f56bed40 .functor OR 1, L_00000166f56bec60, L_00000166f56becd0, C4<0>, C4<0>;
L_00000166f56bedb0 .functor AND 1, o00000166f5576fd8, o00000166f5577038, C4<1>, C4<1>;
L_00000166f56bee20 .functor OR 1, L_00000166f56bed40, L_00000166f56bedb0, C4<0>, C4<0>;
v00000166f56b71f0_0 .net "A", 0 0, o00000166f5576fd8;  0 drivers
v00000166f56bb090_0 .net "B", 0 0, o00000166f5577008;  0 drivers
v00000166f56b6aa0_0 .net "Cin", 0 0, o00000166f5577038;  0 drivers
v00000166f56b6b40_0 .net "Cout", 0 0, L_00000166f56bee20;  1 drivers
v00000166f56b6be0_0 .net "S", 0 0, L_00000166f56b6fd0;  1 drivers
v00000166f56b6c80_0 .net *"_ivl_0", 0 0, L_00000166f56bb130;  1 drivers
v00000166f56b6d20_0 .net *"_ivl_10", 0 0, L_00000166f56bedb0;  1 drivers
v00000166f56beb30_0 .net *"_ivl_4", 0 0, L_00000166f56bec60;  1 drivers
v00000166f5571350_0 .net *"_ivl_6", 0 0, L_00000166f56becd0;  1 drivers
v00000166f55712b0_0 .net *"_ivl_8", 0 0, L_00000166f56bed40;  1 drivers
# The file index is used to find the file name in the following table.
:file_names 3;
    "N/A";
    "<interactive>";
    "temp.v";
